<?xml version="1.0" encoding="UTF-8"?>
<!-- Generated by org.testng.reporters.JUnitReportReporter -->
<testsuite hostname="CW230111" failures="0" tests="1" name="tests.CartTest" time="2.708" errors="0" timestamp="2025-08-22T17:17:30 IST" skipped="0">
  <testcase classname="tests.CartTest" name="testAddToCart" time="2.708"/>
</testsuite> <!-- tests.CartTest -->
