<?xml version="1.0" encoding="UTF-8"?>
<!-- Generated by org.testng.reporters.JUnitReportReporter -->
<testsuite hostname="CW230111" failures="0" tests="1" name="tests.ProductsTest" time="2.789" errors="0" timestamp="2025-08-22T17:17:30 IST" skipped="0">
  <testcase classname="tests.ProductsTest" name="testProductFilterLowToHigh" time="2.789"/>
</testsuite> <!-- tests.ProductsTest -->
