<?xml version="1.0" encoding="UTF-8"?>
<!-- Generated by org.testng.reporters.JUnitReportReporter -->
<testsuite hostname="CW230111" failures="0" tests="1" name="tests.CheckoutTest" time="4.601" errors="0" timestamp="2025-08-22T17:17:30 IST" skipped="0">
  <testcase classname="tests.CheckoutTest" name="testCheckout" time="4.601"/>
</testsuite> <!-- tests.CheckoutTest -->
